-------------------------------------------------------------------------------
Test set: mfpetclinic.MfPetClinicApplicationTests
-------------------------------------------------------------------------------
Tests run: 1, Failures: 0, Errors: 1, Skipped: 0, Time elapsed: 0.646 s <<< FAILURE! - in mfpetclinic.MfPetClinicApplicationTests
initializationError(mfpetclinic.MfPetClinicApplicationTests)  Time elapsed: 0.001 s  <<< ERROR!
java.lang.IllegalStateException: Unable to find a @SpringBootConfiguration, you need to use @ContextConfiguration or @SpringBootTest(classes=...) with your test

