<?xml version="1.0" encoding="UTF-8"?>
<testsuite xmlns:xsi="http://www.w3.org/2001/XMLSchema-instance" xsi:noNamespaceSchemaLocation="https://maven.apache.org/surefire/maven-surefire-plugin/xsd/surefire-test-report.xsd" name="mfpetclinic.MfPetClinicApplicationTests" time="0.646" tests="1" errors="1" skipped="0" failures="0">
  <properties>
[...]
</properties>
  <testcase name="initializationError" classname="mfpetclinic.MfPetClinicApplicationTests" time="0.001">
    <error message="Unable to find a @SpringBootConfiguration, you need to use @ContextConfiguration or @SpringBootTest(classes=...) with your test" type="java.lang.IllegalStateException">java.lang.IllegalStateException: Unable to find a @SpringBootConfiguration, you need to use @ContextConfiguration or @SpringBootTest(classes=...) with your test
</error>
    <system-out><![CDATA[22:42:45.623 [main] DEBUG org.springframework.test.context.junit4.SpringJUnit4ClassRunner - SpringJUnit4ClassRunner constructor called with [class mfpetclinic.MfPetClinicApplicationTests]
22:42:45.629 [main] DEBUG org.springframework.test.context.BootstrapUtils - Instantiating CacheAwareContextLoaderDelegate from class [org.springframework.test.context.cache.DefaultCacheAwareContextLoaderDelegate]
22:42:45.639 [main] DEBUG org.springframework.test.context.BootstrapUtils - Instantiating BootstrapContext using constructor [public org.springframework.test.context.support.DefaultBootstrapContext(java.lang.Class,org.springframework.test.context.CacheAwareContextLoaderDelegate)]
22:42:45.665 [main] DEBUG org.springframework.test.context.BootstrapUtils - Instantiating TestContextBootstrapper for test class [mfpetclinic.MfPetClinicApplicationTests] from class [org.springframework.boot.test.context.SpringBootTestContextBootstrapper]
22:42:45.689 [main] INFO org.springframework.boot.test.context.SpringBootTestContextBootstrapper - Neither @ContextConfiguration nor @ContextHierarchy found for test class [mfpetclinic.MfPetClinicApplicationTests], using SpringBootContextLoader
22:42:45.696 [main] DEBUG org.springframework.test.context.support.AbstractContextLoader - Did not detect default resource location for test class [mfpetclinic.MfPetClinicApplicationTests]: class path resource [mfpetclinic/MfPetClinicApplicationTests-context.xml] does not exist
22:42:45.712 [main] DEBUG org.springframework.test.context.support.AbstractContextLoader - Did not detect default resource location for test class [mfpetclinic.MfPetClinicApplicationTests]: class path resource [mfpetclinic/MfPetClinicApplicationTestsContext.groovy] does not exist
22:42:45.713 [main] INFO org.springframework.test.context.support.AbstractContextLoader - Could not detect default resource locations for test class [mfpetclinic.MfPetClinicApplicationTests]: no resource found for suffixes {-context.xml, Context.groovy}.
22:42:45.719 [main] INFO org.springframework.test.context.support.AnnotationConfigContextLoaderUtils - Could not detect default configuration classes for test class [mfpetclinic.MfPetClinicApplicationTests]: MfPetClinicApplicationTests does not declare any static, non-private, non-final, nested classes annotated with @Configuration.
22:42:45.847 [main] DEBUG org.springframework.test.context.support.ActiveProfilesUtils - Could not find an 'annotation declaring class' for annotation type [org.springframework.test.context.ActiveProfiles] and class [mfpetclinic.MfPetClinicApplicationTests]
22:42:45.871 [main] DEBUG org.springframework.core.env.StandardEnvironment - Adding PropertySource 'systemProperties' with lowest search precedence
22:42:45.871 [main] DEBUG org.springframework.core.env.StandardEnvironment - Adding PropertySource 'systemEnvironment' with lowest search precedence
22:42:45.871 [main] DEBUG org.springframework.core.env.StandardEnvironment - Initialized StandardEnvironment with PropertySources [MapPropertySource@1064265473 {name='systemProperties', properties={sun.desktop=windows, awt.toolkit=sun.awt.windows.WToolkit, java.specification.version=9, file.encoding.pkg=sun.io, sun.cpu.isalist=amd64, sun.jnu.encoding=Cp1252, java.class.path=C:\Users\Michal\Desktop\Pet Clinic\mf-pet-clinic\pet-clinic-web\target\test-classes;C:\Users\Michal\Desktop\Pet Clinic\mf-pet-clinic\pet-clinic-web\target\classes;C:\Users\Michal\Desktop\Pet Clinic\mf-pet-clinic\pet-clinic-data\target\pet-clinic-data-0.0.1.jar;C:\Users\Michal\.m2\repository\org\springframework\boot\spring-boot-starter-data-jpa\2.0.5.RELEASE\spring-boot-starter-data-jpa-2.0.5.RELEASE.jar;C:\Users\Michal\.m2\repository\org\springframework\boot\spring-boot-starter-aop\2.0.5.RELEASE\spring-boot-starter-aop-2.0.5.RELEASE.jar;C:\Users\Michal\.m2\repository\org\aspectj\aspectjweaver\1.8.13\aspectjweaver-1.8.13.jar;C:\Users\Michal\.m2\repository\org\springframework\boot\spring-boot-starter-jdbc\2.0.5.RELEASE\spring-boot-starter-jdbc-2.0.5.RELEASE.jar;C:\Users\Michal\.m2\repository\com\zaxxer\HikariCP\2.7.9\HikariCP-2.7.9.jar;C:\Users\Michal\.m2\repository\org\springframework\spring-jdbc\5.0.9.RELEASE\spring-jdbc-5.0.9.RELEASE.jar;C:\Users\Michal\.m2\repository\javax\transaction\javax.transaction-api\1.2\javax.transaction-api-1.2.jar;C:\Users\Michal\.m2\repository\org\hibernate\hibernate-core\5.2.17.Final\hibernate-core-5.2.17.Final.jar;C:\Users\Michal\.m2\repository\org\hibernate\javax\persistence\hibernate-jpa-2.1-api\1.0.2.Final\hibernate-jpa-2.1-api-1.0.2.Final.jar;C:\Users\Michal\.m2\repository\org\javassist\javassist\3.22.0-GA\javassist-3.22.0-GA.jar;C:\Users\Michal\.m2\repository\antlr\antlr\2.7.7\antlr-2.7.7.jar;C:\Users\Michal\.m2\repository\org\jboss\jandex\2.0.3.Final\jandex-2.0.3.Final.jar;C:\Users\Michal\.m2\repository\dom4j\dom4j\1.6.1\dom4j-1.6.1.jar;C:\Users\Michal\.m2\repository\org\hibernate\common\hibernate-commons-annotations\5.0.1.Final\hibernate-commons-annotations-5.0.1.Final.jar;C:\Users\Michal\.m2\repository\org\springframework\data\spring-data-jpa\2.0.10.RELEASE\spring-data-jpa-2.0.10.RELEASE.jar;C:\Users\Michal\.m2\repository\org\springframework\data\spring-data-commons\2.0.10.RELEASE\spring-data-commons-2.0.10.RELEASE.jar;C:\Users\Michal\.m2\repository\org\springframework\spring-orm\5.0.9.RELEASE\spring-orm-5.0.9.RELEASE.jar;C:\Users\Michal\.m2\repository\org\springframework\spring-tx\5.0.9.RELEASE\spring-tx-5.0.9.RELEASE.jar;C:\Users\Michal\.m2\repository\org\springframework\spring-aspects\5.0.9.RELEASE\spring-aspects-5.0.9.RELEASE.jar;C:\Users\Michal\.m2\repository\com\h2database\h2\1.4.197\h2-1.4.197.jar;C:\Users\Michal\.m2\repository\mysql\mysql-connector-java\5.1.47\mysql-connector-java-5.1.47.jar;C:\Users\Michal\.m2\repository\org\springframework\boot\spring-boot-starter-actuator\2.0.5.RELEASE\spring-boot-starter-actuator-2.0.5.RELEASE.jar;C:\Users\Michal\.m2\repository\org\springframework\boot\spring-boot-starter\2.0.5.RELEASE\spring-boot-starter-2.0.5.RELEASE.jar;C:\Users\Michal\.m2\repository\org\springframework\boot\spring-boot-starter-logging\2.0.5.RELEASE\spring-boot-starter-logging-2.0.5.RELEASE.jar;C:\Users\Michal\.m2\repository\ch\qos\logback\logback-classic\1.2.3\logback-classic-1.2.3.jar;C:\Users\Michal\.m2\repository\ch\qos\logback\logback-core\1.2.3\logback-core-1.2.3.jar;C:\Users\Michal\.m2\repository\org\apache\logging\log4j\log4j-to-slf4j\2.10.0\log4j-to-slf4j-2.10.0.jar;C:\Users\Michal\.m2\repository\org\apache\logging\log4j\log4j-api\2.10.0\log4j-api-2.10.0.jar;C:\Users\Michal\.m2\repository\org\slf4j\jul-to-slf4j\1.7.25\jul-to-slf4j-1.7.25.jar;C:\Users\Michal\.m2\repository\javax\annotation\javax.annotation-api\1.3.2\javax.annotation-api-1.3.2.jar;C:\Users\Michal\.m2\repository\org\yaml\snakeyaml\1.19\snakeyaml-1.19.jar;C:\Users\Michal\.m2\repository\org\springframework\boot\spring-boot-actuator-autoconfigure\2.0.5.RELEASE\spring-boot-actuator-autoconfigure-2.0.5.RELEASE.jar;C:\Users\Michal\.m2\repository\org\springframework\boot\spring-boot-actuator\2.0.5.RELEASE\spring-boot-actuator-2.0.5.RELEASE.jar;C:\Users\Michal\.m2\repository\com\fasterxml\jackson\core\jackson-databind\2.9.6\jackson-databind-2.9.6.jar;C:\Users\Michal\.m2\repository\com\fasterxml\jackson\core\jackson-annotations\2.9.0\jackson-annotations-2.9.0.jar;C:\Users\Michal\.m2\repository\com\fasterxml\jackson\core\jackson-core\2.9.6\jackson-core-2.9.6.jar;C:\Users\Michal\.m2\repository\org\springframework\spring-context\5.0.9.RELEASE\spring-context-5.0.9.RELEASE.jar;C:\Users\Michal\.m2\repository\com\fasterxml\jackson\datatype\jackson-datatype-jsr310\2.9.6\jackson-datatype-jsr310-2.9.6.jar;C:\Users\Michal\.m2\repository\io\micrometer\micrometer-core\1.0.6\micrometer-core-1.0.6.jar;C:\Users\Michal\.m2\repository\org\hdrhistogram\HdrHistogram\2.1.10\HdrHistogram-2.1.10.jar;C:\Users\Michal\.m2\repository\org\latencyutils\LatencyUtils\2.0.3\LatencyUtils-2.0.3.jar;C:\Users\Michal\.m2\repository\org\springframework\boot\spring-boot-starter-thymeleaf\2.0.5.RELEASE\spring-boot-starter-thymeleaf-2.0.5.RELEASE.jar;C:\Users\Michal\.m2\repository\org\thymeleaf\thymeleaf-spring5\3.0.9.RELEASE\thymeleaf-spring5-3.0.9.RELEASE.jar;C:\Users\Michal\.m2\repository\org\thymeleaf\thymeleaf\3.0.9.RELEASE\thymeleaf-3.0.9.RELEASE.jar;C:\Users\Michal\.m2\repository\org\attoparser\attoparser\2.0.4.RELEASE\attoparser-2.0.4.RELEASE.jar;C:\Users\Michal\.m2\repository\org\unbescape\unbescape\1.1.5.RELEASE\unbescape-1.1.5.RELEASE.jar;C:\Users\Michal\.m2\repository\org\slf4j\slf4j-api\1.7.25\slf4j-api-1.7.25.jar;C:\Users\Michal\.m2\repository\org\thymeleaf\extras\thymeleaf-extras-java8time\3.0.1.RELEASE\thymeleaf-extras-java8time-3.0.1.RELEASE.jar;C:\Users\Michal\.m2\repository\org\springframework\boot\spring-boot-starter-web\2.0.5.RELEASE\spring-boot-starter-web-2.0.5.RELEASE.jar;C:\Users\Michal\.m2\repository\org\springframework\boot\spring-boot-starter-json\2.0.5.RELEASE\spring-boot-starter-json-2.0.5.RELEASE.jar;C:\Users\Michal\.m2\repository\com\fasterxml\jackson\datatype\jackson-datatype-jdk8\2.9.6\jackson-datatype-jdk8-2.9.6.jar;C:\Users\Michal\.m2\repository\com\fasterxml\jackson\module\jackson-module-parameter-names\2.9.6\jackson-module-parameter-names-2.9.6.jar;C:\Users\Michal\.m2\repository\org\springframework\boot\spring-boot-starter-tomcat\2.0.5.RELEASE\spring-boot-starter-tomcat-2.0.5.RELEASE.jar;C:\Users\Michal\.m2\repository\org\apache\tomcat\embed\tomcat-embed-core\8.5.34\tomcat-embed-core-8.5.34.jar;C:\Users\Michal\.m2\repository\org\apache\tomcat\embed\tomcat-embed-el\8.5.34\tomcat-embed-el-8.5.34.jar;C:\Users\Michal\.m2\repository\org\apache\tomcat\embed\tomcat-embed-websocket\8.5.34\tomcat-embed-websocket-8.5.34.jar;C:\Users\Michal\.m2\repository\org\hibernate\validator\hibernate-validator\6.0.12.Final\hibernate-validator-6.0.12.Final.jar;C:\Users\Michal\.m2\repository\javax\validation\validation-api\2.0.1.Final\validation-api-2.0.1.Final.jar;C:\Users\Michal\.m2\repository\org\jboss\logging\jboss-logging\3.3.2.Final\jboss-logging-3.3.2.Final.jar;C:\Users\Michal\.m2\repository\com\fasterxml\classmate\1.3.4\classmate-1.3.4.jar;C:\Users\Michal\.m2\repository\org\springframework\spring-web\5.0.9.RELEASE\spring-web-5.0.9.RELEASE.jar;C:\Users\Michal\.m2\repository\org\springframework\spring-beans\5.0.9.RELEASE\spring-beans-5.0.9.RELEASE.jar;C:\Users\Michal\.m2\repository\org\springframework\spring-webmvc\5.0.9.RELEASE\spring-webmvc-5.0.9.RELEASE.jar;C:\Users\Michal\.m2\repository\org\springframework\spring-aop\5.0.9.RELEASE\spring-aop-5.0.9.RELEASE.jar;C:\Users\Michal\.m2\repository\org\springframework\spring-expression\5.0.9.RELEASE\spring-expression-5.0.9.RELEASE.jar;C:\Users\Michal\.m2\repository\org\springframework\boot\spring-boot-devtools\2.0.5.RELEASE\spring-boot-devtools-2.0.5.RELEASE.jar;C:\Users\Michal\.m2\repository\org\springframework\boot\spring-boot\2.0.5.RELEASE\spring-boot-2.0.5.RELEASE.jar;C:\Users\Michal\.m2\repository\org\springframework\boot\spring-boot-autoconfigure\2.0.5.RELEASE\spring-boot-autoconfigure-2.0.5.RELEASE.jar;C:\Users\Michal\.m2\repository\org\springframework\boot\spring-boot-starter-test\2.0.5.RELEASE\spring-boot-starter-test-2.0.5.RELEASE.jar;C:\Users\Michal\.m2\repository\org\springframework\boot\spring-boot-test\2.0.5.RELEASE\spring-boot-test-2.0.5.RELEASE.jar;C:\Users\Michal\.m2\repository\org\springframework\boot\spring-boot-test-autoconfigure\2.0.5.RELEASE\spring-boot-test-autoconfigure-2.0.5.RELEASE.jar;C:\Users\Michal\.m2\repository\com\jayway\jsonpath\json-path\2.4.0\json-path-2.4.0.jar;C:\Users\Michal\.m2\repository\net\minidev\json-smart\2.3\json-smart-2.3.jar;C:\Users\Michal\.m2\repository\net\minidev\accessors-smart\1.2\accessors-smart-1.2.jar;C:\Users\Michal\.m2\repository\org\ow2\asm\asm\5.0.4\asm-5.0.4.jar;C:\Users\Michal\.m2\repository\junit\junit\4.12\junit-4.12.jar;C:\Users\Michal\.m2\repository\org\assertj\assertj-core\3.9.1\assertj-core-3.9.1.jar;C:\Users\Michal\.m2\repository\org\mockito\mockito-core\2.15.0\mockito-core-2.15.0.jar;C:\Users\Michal\.m2\repository\net\bytebuddy\byte-buddy\1.7.11\byte-buddy-1.7.11.jar;C:\Users\Michal\.m2\repository\net\bytebuddy\byte-buddy-agent\1.7.11\byte-buddy-agent-1.7.11.jar;C:\Users\Michal\.m2\repository\org\objenesis\objenesis\2.6\objenesis-2.6.jar;C:\Users\Michal\.m2\repository\org\hamcrest\hamcrest-core\1.3\hamcrest-core-1.3.jar;C:\Users\Michal\.m2\repository\org\hamcrest\hamcrest-library\1.3\hamcrest-library-1.3.jar;C:\Users\Michal\.m2\repository\org\skyscreamer\jsonassert\1.5.0\jsonassert-1.5.0.jar;C:\Users\Michal\.m2\repository\com\vaadin\external\google\android-json\0.0.20131108.vaadin1\android-json-0.0.20131108.vaadin1.jar;C:\Users\Michal\.m2\repository\org\springframework\spring-core\5.0.9.RELEASE\spring-core-5.0.9.RELEASE.jar;C:\Users\Michal\.m2\repository\org\springframework\spring-jcl\5.0.9.RELEASE\spring-jcl-5.0.9.RELEASE.jar;C:\Users\Michal\.m2\repository\org\springframework\spring-test\5.0.9.RELEASE\spring-test-5.0.9.RELEASE.jar;C:\Users\Michal\.m2\repository\org\xmlunit\xmlunit-core\2.5.1\xmlunit-core-2.5.1.jar;, java.vm.vendor=Oracle Corporation, sun.arch.data.model=64, user.variant=, java.vendor.url=http://java.oracle.com/, user.timezone=Europe/Belgrade, os.name=Windows 10, java.vm.specification.version=9, sun.java.launcher=SUN_STANDARD, user.country=PL, sun.boot.library.path=C:\Program Files\Java\jdk-9.0.4\bin, sun.java.command=C:\Users\Michal\AppData\Local\Temp\surefire8863415864464969920\surefirebooter2510522999381485789.jar C:\Users\Michal\AppData\Local\Temp\surefire8863415864464969920 2018-10-24T22-42-41_178-jvmRun1 surefire6870011717644958236tmp surefire_014781706479618643467tmp, jdk.debug=release, surefire.test.class.path=C:\Users\Michal\Desktop\Pet Clinic\mf-pet-clinic\pet-clinic-web\target\test-classes;C:\Users\Michal\Desktop\Pet Clinic\mf-pet-clinic\pet-clinic-web\target\classes;C:\Users\Michal\Desktop\Pet Clinic\mf-pet-clinic\pet-clinic-data\target\pet-clinic-data-0.0.1.jar;C:\Users\Michal\.m2\repository\org\springframework\boot\spring-boot-starter-data-jpa\2.0.5.RELEASE\spring-boot-starter-data-jpa-2.0.5.RELEASE.jar;C:\Users\Michal\.m2\repository\org\springframework\boot\spring-boot-starter-aop\2.0.5.RELEASE\spring-boot-starter-aop-2.0.5.RELEASE.jar;C:\Users\Michal\.m2\repository\org\aspectj\aspectjweaver\1.8.13\aspectjweaver-1.8.13.jar;C:\Users\Michal\.m2\repository\org\springframework\boot\spring-boot-starter-jdbc\2.0.5.RELEASE\spring-boot-starter-jdbc-2.0.5.RELEASE.jar;C:\Users\Michal\.m2\repository\com\zaxxer\HikariCP\2.7.9\HikariCP-2.7.9.jar;C:\Users\Michal\.m2\repository\org\springframework\spring-jdbc\5.0.9.RELEASE\spring-jdbc-5.0.9.RELEASE.jar;C:\Users\Michal\.m2\repository\javax\transaction\javax.transaction-api\1.2\javax.transaction-api-1.2.jar;C:\Users\Michal\.m2\repository\org\hibernate\hibernate-core\5.2.17.Final\hibernate-core-5.2.17.Final.jar;C:\Users\Michal\.m2\repository\org\hibernate\javax\persistence\hibernate-jpa-2.1-api\1.0.2.Final\hibernate-jpa-2.1-api-1.0.2.Final.jar;C:\Users\Michal\.m2\repository\org\javassist\javassist\3.22.0-GA\javassist-3.22.0-GA.jar;C:\Users\Michal\.m2\repository\antlr\antlr\2.7.7\antlr-2.7.7.jar;C:\Users\Michal\.m2\repository\org\jboss\jandex\2.0.3.Final\jandex-2.0.3.Final.jar;C:\Users\Michal\.m2\repository\dom4j\dom4j\1.6.1\dom4j-1.6.1.jar;C:\Users\Michal\.m2\repository\org\hibernate\common\hibernate-commons-annotations\5.0.1.Final\hibernate-commons-annotations-5.0.1.Final.jar;C:\Users\Michal\.m2\repository\org\springframework\data\spring-data-jpa\2.0.10.RELEASE\spring-data-jpa-2.0.10.RELEASE.jar;C:\Users\Michal\.m2\repository\org\springframework\data\spring-data-commons\2.0.10.RELEASE\spring-data-commons-2.0.10.RELEASE.jar;C:\Users\Michal\.m2\repository\org\springframework\spring-orm\5.0.9.RELEASE\spring-orm-5.0.9.RELEASE.jar;C:\Users\Michal\.m2\repository\org\springframework\spring-tx\5.0.9.RELEASE\spring-tx-5.0.9.RELEASE.jar;C:\Users\Michal\.m2\repository\org\springframework\spring-aspects\5.0.9.RELEASE\spring-aspects-5.0.9.RELEASE.jar;C:\Users\Michal\.m2\repository\com\h2database\h2\1.4.197\h2-1.4.197.jar;C:\Users\Michal\.m2\repository\mysql\mysql-connector-java\5.1.47\mysql-connector-java-5.1.47.jar;C:\Users\Michal\.m2\repository\org\springframework\boot\spring-boot-starter-actuator\2.0.5.RELEASE\spring-boot-starter-actuator-2.0.5.RELEASE.jar;C:\Users\Michal\.m2\repository\org\springframework\boot\spring-boot-starter\2.0.5.RELEASE\spring-boot-starter-2.0.5.RELEASE.jar;C:\Users\Michal\.m2\repository\org\springframework\boot\spring-boot-starter-logging\2.0.5.RELEASE\spring-boot-starter-logging-2.0.5.RELEASE.jar;C:\Users\Michal\.m2\repository\ch\qos\logback\logback-classic\1.2.3\logback-classic-1.2.3.jar;C:\Users\Michal\.m2\repository\ch\qos\logback\logback-core\1.2.3\logback-core-1.2.3.jar;C:\Users\Michal\.m2\repository\org\apache\logging\log4j\log4j-to-slf4j\2.10.0\log4j-to-slf4j-2.10.0.jar;C:\Users\Michal\.m2\repository\org\apache\logging\log4j\log4j-api\2.10.0\log4j-api-2.10.0.jar;C:\Users\Michal\.m2\repository\org\slf4j\jul-to-slf4j\1.7.25\jul-to-slf4j-1.7.25.jar;C:\Users\Michal\.m2\repository\javax\annotation\javax.annotation-api\1.3.2\javax.annotation-api-1.3.2.jar;C:\Users\Michal\.m2\repository\org\yaml\snakeyaml\1.19\snakeyaml-1.19.jar;C:\Users\Michal\.m2\repository\org\springframework\boot\spring-boot-actuator-autoconfigure\2.0.5.RELEASE\spring-boot-actuator-autoconfigure-2.0.5.RELEASE.jar;C:\Users\Michal\.m2\repository\org\springframework\boot\spring-boot-actuator\2.0.5.RELEASE\spring-boot-actuator-2.0.5.RELEASE.jar;C:\Users\Michal\.m2\repository\com\fasterxml\jackson\core\jackson-databind\2.9.6\jackson-databind-2.9.6.jar;C:\Users\Michal\.m2\repository\com\fasterxml\jackson\core\jackson-annotations\2.9.0\jackson-annotations-2.9.0.jar;C:\Users\Michal\.m2\repository\com\fasterxml\jackson\core\jackson-core\2.9.6\jackson-core-2.9.6.jar;C:\Users\Michal\.m2\repository\org\springframework\spring-context\5.0.9.RELEASE\spring-context-5.0.9.RELEASE.jar;C:\Users\Michal\.m2\repository\com\fasterxml\jackson\datatype\jackson-datatype-jsr310\2.9.6\jackson-datatype-jsr310-2.9.6.jar;C:\Users\Michal\.m2\repository\io\micrometer\micrometer-core\1.0.6\micrometer-core-1.0.6.jar;C:\Users\Michal\.m2\repository\org\hdrhistogram\HdrHistogram\2.1.10\HdrHistogram-2.1.10.jar;C:\Users\Michal\.m2\repository\org\latencyutils\LatencyUtils\2.0.3\LatencyUtils-2.0.3.jar;C:\Users\Michal\.m2\repository\org\springframework\boot\spring-boot-starter-thymeleaf\2.0.5.RELEASE\spring-boot-starter-thymeleaf-2.0.5.RELEASE.jar;C:\Users\Michal\.m2\repository\org\thymeleaf\thymeleaf-spring5\3.0.9.RELEASE\thymeleaf-spring5-3.0.9.RELEASE.jar;C:\Users\Michal\.m2\repository\org\thymeleaf\thymeleaf\3.0.9.RELEASE\thymeleaf-3.0.9.RELEASE.jar;C:\Users\Michal\.m2\repository\org\attoparser\attoparser\2.0.4.RELEASE\attoparser-2.0.4.RELEASE.jar;C:\Users\Michal\.m2\repository\org\unbescape\unbescape\1.1.5.RELEASE\unbescape-1.1.5.RELEASE.jar;C:\Users\Michal\.m2\repository\org\slf4j\slf4j-api\1.7.25\slf4j-api-1.7.25.jar;C:\Users\Michal\.m2\repository\org\thymeleaf\extras\thymeleaf-extras-java8time\3.0.1.RELEASE\thymeleaf-extras-java8time-3.0.1.RELEASE.jar;C:\Users\Michal\.m2\repository\org\springframework\boot\spring-boot-starter-web\2.0.5.RELEASE\spring-boot-starter-web-2.0.5.RELEASE.jar;C:\Users\Michal\.m2\repository\org\springframework\boot\spring-boot-starter-json\2.0.5.RELEASE\spring-boot-starter-json-2.0.5.RELEASE.jar;C:\Users\Michal\.m2\repository\com\fasterxml\jackson\datatype\jackson-datatype-jdk8\2.9.6\jackson-datatype-jdk8-2.9.6.jar;C:\Users\Michal\.m2\repository\com\fasterxml\jackson\module\jackson-module-parameter-names\2.9.6\jackson-module-parameter-names-2.9.6.jar;C:\Users\Michal\.m2\repository\org\springframework\boot\spring-boot-starter-tomcat\2.0.5.RELEASE\spring-boot-starter-tomcat-2.0.5.RELEASE.jar;C:\Users\Michal\.m2\repository\org\apache\tomcat\embed\tomcat-embed-core\8.5.34\tomcat-embed-core-8.5.34.jar;C:\Users\Michal\.m2\repository\org\apache\tomcat\embed\tomcat-embed-el\8.5.34\tomcat-embed-el-8.5.34.jar;C:\Users\Michal\.m2\repository\org\apache\tomcat\embed\tomcat-embed-websocket\8.5.34\tomcat-embed-websocket-8.5.34.jar;C:\Users\Michal\.m2\repository\org\hibernate\validator\hibernate-validator\6.0.12.Final\hibernate-validator-6.0.12.Final.jar;C:\Users\Michal\.m2\repository\javax\validation\validation-api\2.0.1.Final\validation-api-2.0.1.Final.jar;C:\Users\Michal\.m2\repository\org\jboss\logging\jboss-logging\3.3.2.Final\jboss-logging-3.3.2.Final.jar;C:\Users\Michal\.m2\repository\com\fasterxml\classmate\1.3.4\classmate-1.3.4.jar;C:\Users\Michal\.m2\repository\org\springframework\spring-web\5.0.9.RELEASE\spring-web-5.0.9.RELEASE.jar;C:\Users\Michal\.m2\repository\org\springframework\spring-beans\5.0.9.RELEASE\spring-beans-5.0.9.RELEASE.jar;C:\Users\Michal\.m2\repository\org\springframework\spring-webmvc\5.0.9.RELEASE\spring-webmvc-5.0.9.RELEASE.jar;C:\Users\Michal\.m2\repository\org\springframework\spring-aop\5.0.9.RELEASE\spring-aop-5.0.9.RELEASE.jar;C:\Users\Michal\.m2\repository\org\springframework\spring-expression\5.0.9.RELEASE\spring-expression-5.0.9.RELEASE.jar;C:\Users\Michal\.m2\repository\org\springframework\boot\spring-boot-devtools\2.0.5.RELEASE\spring-boot-devtools-2.0.5.RELEASE.jar;C:\Users\Michal\.m2\repository\org\springframework\boot\spring-boot\2.0.5.RELEASE\spring-boot-2.0.5.RELEASE.jar;C:\Users\Michal\.m2\repository\org\springframework\boot\spring-boot-autoconfigure\2.0.5.RELEASE\spring-boot-autoconfigure-2.0.5.RELEASE.jar;C:\Users\Michal\.m2\repository\org\springframework\boot\spring-boot-starter-test\2.0.5.RELEASE\spring-boot-starter-test-2.0.5.RELEASE.jar;C:\Users\Michal\.m2\repository\org\springframework\boot\spring-boot-test\2.0.5.RELEASE\spring-boot-test-2.0.5.RELEASE.jar;C:\Users\Michal\.m2\repository\org\springframework\boot\spring-boot-test-autoconfigure\2.0.5.RELEASE\spring-boot-test-autoconfigure-2.0.5.RELEASE.jar;C:\Users\Michal\.m2\repository\com\jayway\jsonpath\json-path\2.4.0\json-path-2.4.0.jar;C:\Users\Michal\.m2\repository\net\minidev\json-smart\2.3\json-smart-2.3.jar;C:\Users\Michal\.m2\repository\net\minidev\accessors-smart\1.2\accessors-smart-1.2.jar;C:\Users\Michal\.m2\repository\org\ow2\asm\asm\5.0.4\asm-5.0.4.jar;C:\Users\Michal\.m2\repository\junit\junit\4.12\junit-4.12.jar;C:\Users\Michal\.m2\repository\org\assertj\assertj-core\3.9.1\assertj-core-3.9.1.jar;C:\Users\Michal\.m2\repository\org\mockito\mockito-core\2.15.0\mockito-core-2.15.0.jar;C:\Users\Michal\.m2\repository\net\bytebuddy\byte-buddy\1.7.11\byte-buddy-1.7.11.jar;C:\Users\Michal\.m2\repository\net\bytebuddy\byte-buddy-agent\1.7.11\byte-buddy-agent-1.7.11.jar;C:\Users\Michal\.m2\repository\org\objenesis\objenesis\2.6\objenesis-2.6.jar;C:\Users\Michal\.m2\repository\org\hamcrest\hamcrest-core\1.3\hamcrest-core-1.3.jar;C:\Users\Michal\.m2\repository\org\hamcrest\hamcrest-library\1.3\hamcrest-library-1.3.jar;C:\Users\Michal\.m2\repository\org\skyscreamer\jsonassert\1.5.0\jsonassert-1.5.0.jar;C:\Users\Michal\.m2\repository\com\vaadin\external\google\android-json\0.0.20131108.vaadin1\android-json-0.0.20131108.vaadin1.jar;C:\Users\Michal\.m2\repository\org\springframework\spring-core\5.0.9.RELEASE\spring-core-5.0.9.RELEASE.jar;C:\Users\Michal\.m2\repository\org\springframework\spring-jcl\5.0.9.RELEASE\spring-jcl-5.0.9.RELEASE.jar;C:\Users\Michal\.m2\repository\org\springframework\spring-test\5.0.9.RELEASE\spring-test-5.0.9.RELEASE.jar;C:\Users\Michal\.m2\repository\org\xmlunit\xmlunit-core\2.5.1\xmlunit-core-2.5.1.jar;, sun.cpu.endian=little, user.home=C:\Users\Michal, user.language=pl, java.specification.vendor=Oracle Corporation, java.home=C:\Program Files\Java\jdk-9.0.4, file.separator=\, basedir=C:\Users\Michal\Desktop\Pet Clinic\mf-pet-clinic\pet-clinic-web, java.vm.compressedOopsMode=32-bit, line.separator=
, java.vm.specification.vendor=Oracle Corporation, java.specification.name=Java Platform API Specification, java.awt.graphicsenv=sun.awt.Win32GraphicsEnvironment, surefire.real.class.path=C:\Users\Michal\AppData\Local\Temp\surefire8863415864464969920\surefirebooter2510522999381485789.jar, user.script=, sun.management.compiler=HotSpot 64-Bit Tiered Compilers, java.runtime.version=9.0.4+11, user.name=Michal, path.separator=;, os.version=10.0, java.runtime.name=Java(TM) SE Runtime Environment, file.encoding=Cp1252, java.vm.name=Java HotSpot(TM) 64-Bit Server VM, localRepository=C:\Users\Michal\.m2\repository, java.vendor.url.bug=http://bugreport.java.com/bugreport/, java.io.tmpdir=C:\Users\Michal\AppData\Local\Temp\, java.version=9.0.4, user.dir=C:\Users\Michal\Desktop\Pet Clinic\mf-pet-clinic\pet-clinic-web, os.arch=amd64, java.vm.specification.name=Java Virtual Machine Specification, java.awt.printerjob=sun.awt.windows.WPrinterJob, sun.os.patch.level=, java.library.path=C:\Program Files\Java\jdk-9.0.4\bin;C:\WINDOWS\Sun\Java\bin;C:\WINDOWS\system32;C:\WINDOWS;C:\apache-maven-3.5.4\bin;C:\Program Files\Java\jdk1.8.0_181\bin;C:\Program Files (x86)\Common Files\Oracle\Java\javapath;C:\ProgramData\Oracle\Java\javapath;C:\WINDOWS\system32;C:\WINDOWS;C:\WINDOWS\System32\Wbem;C:\WINDOWS\System32\WindowsPowerShell\v1.0\;C:\Program Files\Java\jdk-9.0.4\bin;C:\Program Files\Java\jre-9.0.4\bin;C:\WINDOWS\System32\OpenSSH\;C:\Program Files\Git\cmd;C:\Users\Michal\AppData\Local\Microsoft\WindowsApps;C:\Program Files\heroku\bin;C:\Users\Michal\AppData\Local\GitHubDesktop\bin;., java.vm.info=mixed mode, java.vendor=Oracle Corporation, java.vm.version=9.0.4+11, sun.io.unicode.encoding=UnicodeLittle, maven.repo.local=C:\Users\Michal\.m2\repository, java.class.version=53.0}}, SystemEnvironmentPropertySource@891786282 {name='systemEnvironment', properties={PATH=C:\apache-maven-3.5.4\bin;C:\Program Files\Java\jdk1.8.0_181\bin;C:\Program Files (x86)\Common Files\Oracle\Java\javapath;C:\ProgramData\Oracle\Java\javapath;C:\WINDOWS\system32;C:\WINDOWS;C:\WINDOWS\System32\Wbem;C:\WINDOWS\System32\WindowsPowerShell\v1.0\;C:\Program Files\Java\jdk-9.0.4\bin;C:\Program Files\Java\jre-9.0.4\bin;C:\WINDOWS\System32\OpenSSH\;C:\Program Files\Git\cmd;C:\Users\Michal\AppData\Local\Microsoft\WindowsApps;C:\Program Files\heroku\bin;C:\Users\Michal\AppData\Local\GitHubDesktop\bin, USERDOMAIN_ROAMINGPROFILE=DESKTOP-AEF62O0, PROCESSOR_LEVEL=6, SYSTEMDRIVE=C:, ALLUSERSPROFILE=C:\ProgramData, PROCESSOR_ARCHITECTURE=AMD64, __COMPAT_LAYER=RunAsAdmin, DRIVERDATA=C:\Windows\System32\Drivers\DriverData, MAVEN_HOME=C:\apache-maven-3.5.4\bin\.., PROGRAMFILES=C:\Program Files, PSMODULEPATH=C:\Program Files\WindowsPowerShell\Modules;C:\WINDOWS\system32\WindowsPowerShell\v1.0\Modules, PROGRAMDATA=C:\ProgramData, USERNAME=Michal, WDIR=C:\Users\Michal\Desktop\Pet Clinic\mf-pet-clinic, ONEDRIVE=C:\Users\Michal\OneDrive, PATHEXT=.COM;.EXE;.BAT;.CMD;.VBS;.VBE;.JS;.JSE;.WSF;.WSH;.MSC, MAVEN_TERMINATE_CMD=on, CLASSWORLDS_JAR="C:\apache-maven-3.5.4\bin\..\boot\plexus-classworlds-2.5.2.jar", WINDIR=C:\WINDOWS, HOMEPATH=\Users\Michal, JAVA_PATH=C:\Program Files\Java\jdk-9.0.4, PROCESSOR_IDENTIFIER=Intel64 Family 6 Model 94 Stepping 3, GenuineIntel, M2_HOME=C:\apache-maven-3.5.4\bin\.., PUBLIC=C:\Users\Public, =EXITCODE=00000001, LOCALAPPDATA=C:\Users\Michal\AppData\Local, COMMONPROGRAMFILES(X86)=C:\Program Files (x86)\Common Files, USERDOMAIN=DESKTOP-AEF62O0, LOGONSERVER=\\DESKTOP-AEF62O0, JAVA_HOME=C:\Program Files\Java\jdk-9.0.4, PROMPT=$P$G, PROGRAMFILES(X86)=C:\Program Files (x86), ERROR_CODE=0, EXEC_DIR=C:\Users\Michal\Desktop\Pet Clinic\mf-pet-clinic, =C:=C:\Users\Michal\Desktop\Pet Clinic\mf-pet-clinic\pet-clinic-web, APPDATA=C:\Users\Michal\AppData\Roaming, PROGRAMW6432=C:\Program Files, SYSTEMROOT=C:\WINDOWS, MAVEN_CMD_LINE_ARGS=-D maven.repo.local=C:\Users\Michal\.m2\repository -s C:\Users\Michal\AppData\Local\Temp\release-settings864873640195673215.xml clean verify, OS=Windows_NT, COMMONPROGRAMW6432=C:\Program Files\Common Files, COMPUTERNAME=DESKTOP-AEF62O0, COMMONPROGRAMFILES=C:\Program Files\Common Files, COMSPEC=C:\WINDOWS\system32\cmd.exe, JAVACMD=C:\Program Files\Java\jdk-9.0.4\bin\java.exe, MAVEN_PROJECTBASEDIR=C:\Users\Michal\Desktop\Pet Clinic\mf-pet-clinic, PROCESSOR_REVISION=5e03, CLASSWORLDS_LAUNCHER=org.codehaus.plexus.classworlds.launcher.Launcher, TEMP=C:\Users\Michal\AppData\Local\Temp, HOMEDRIVE=C:, USERPROFILE=C:\Users\Michal, TMP=C:\Users\Michal\AppData\Local\Temp, NUMBER_OF_PROCESSORS=4, JVMCONFIG=\.mvn\jvm.config, HOME=C:\Users\Michal}}]
22:42:45.904 [main] DEBUG org.springframework.core.io.support.PathMatchingResourcePatternResolver - Resolved classpath location [mfpetclinic/] to resources [URL [file:/C:/Users/Michal/Desktop/Pet%20Clinic/mf-pet-clinic/pet-clinic-web/target/test-classes/mfpetclinic/]]
22:42:45.904 [main] DEBUG org.springframework.core.io.support.PathMatchingResourcePatternResolver - Looking for matching resources in directory tree [C:\Users\Michal\Desktop\Pet Clinic\mf-pet-clinic\pet-clinic-web\target\test-classes\mfpetclinic]
22:42:45.904 [main] DEBUG org.springframework.core.io.support.PathMatchingResourcePatternResolver - Searching directory [C:\Users\Michal\Desktop\Pet Clinic\mf-pet-clinic\pet-clinic-web\target\test-classes\mfpetclinic] for files matching pattern [C:/Users/Michal/Desktop/Pet Clinic/mf-pet-clinic/pet-clinic-web/target/test-classes/mfpetclinic/*.class]
22:42:45.910 [main] DEBUG org.springframework.core.io.support.PathMatchingResourcePatternResolver - Resolved location pattern [classpath*:mfpetclinic/*.class] to resources [file [C:\Users\Michal\Desktop\Pet Clinic\mf-pet-clinic\pet-clinic-web\target\test-classes\mfpetclinic\MfPetClinicApplicationTests.class]]
]]></system-out>
  </testcase>
</testsuite>